$ yarn build-story -c .storybook -o dist-storybook/sb --output-dir C:\Users\18781\AppData\Local\Temp\chromatic--37152-7VUidoLYK7S2 --webpack-stats-json C:\Users\18781\AppData\Local\Temp\chromatic--37152-7VUidoLYK7S2
$ storybook build -c .storybook -o dist-storybook/sb --output-dir C:\Users\18781\AppData\Local\Temp\chromatic--37152-7VUidoLYK7S2 --webpack-stats-json C:\Users\18781\AppData\Local\Temp\chromatic--37152-7VUidoLYK7S2
@storybook/core v8.3.0

info => Cleaning outputDir: ..\..\..\AppData\Local\Temp\chromatic--37152-7VUidoLYK7S2
info => Loading presets
info Found existing addon "@storybook/addon-viewport", skipping.
info Found existing addon "@storybook/addon-viewport", skipping.
info => Building manager..
info => Manager built (186 ms)
info => Building preview..
[36mvite v5.4.4 [32mbuilding for production...[36m[39m
transforming...
[32m✓[39m 56 modules transformed.
rendering chunks...
[2m../../../AppData/Local/Temp/chromatic--37152-7VUidoLYK7S2/[22m[32massets/Poppins-100-normal-latin-ext-BYGiT0vt.woff2          [39m[1m[2m  5.30 kB[22m[1m[22m
[2m../../../AppData/Local/Temp/chromatic--37152-7VUidoLYK7S2/[22m[32massets/Poppins-900-normal-latin-ext-Bz6n_4o4.woff2          [39m[1m[2m  5.32 kB[22m[1m[22m
[2m../../../AppData/Local/Temp/chromatic--37152-7VUidoLYK7S2/[22m[32massets/Poppins-700-normal-latin-ext-DDaViAzG.woff2          [39m[1m[2m  5.40 kB[22m[1m[22m
[2m../../../AppData/Local/Temp/chromatic--37152-7VUidoLYK7S2/[22m[32massets/Poppins-500-normal-latin-ext-H4Q0z8D2.woff2          [39m[1m[2m  5.42 kB[22m[1m[22m
[2m../../../AppData/Local/Temp/chromatic--37152-7VUidoLYK7S2/[22m[32massets/Poppins-300-normal-latin-ext-7Zg2msWE.woff2          [39m[1m[2m  5.47 kB[22m[1m[22m
[2m../../../AppData/Local/Temp/chromatic--37152-7VUidoLYK7S2/[22m[32massets/Poppins-600-normal-latin-ext-Cn4C8475.woff2          [39m[1m[2m  5.48 kB[22m[1m[22m
[2m../../../AppData/Local/Temp/chromatic--37152-7VUidoLYK7S2/[22m[32massets/Poppins-800-normal-latin-ext-CTiPmeYq.woff2          [39m[1m[2m  5.49 kB[22m[1m[22m
[2m../../../AppData/Local/Temp/chromatic--37152-7VUidoLYK7S2/[22m[32massets/Poppins-200-normal-latin-ext-UNJ7d0fR.woff2          [39m[1m[2m  5.50 kB[22m[1m[22m
[2m../../../AppData/Local/Temp/chromatic--37152-7VUidoLYK7S2/[22m[32massets/Poppins-400-normal-latin-ext-CIpeJEZw.woff2          [39m[1m[2m  5.55 kB[22m[1m[22m
[2m../../../AppData/Local/Temp/chromatic--37152-7VUidoLYK7S2/[22m[32massets/Poppins-100-normal-latin-CY-M_i9k.woff2              [39m[1m[2m  7.48 kB[22m[1m[22m
[2m../../../AppData/Local/Temp/chromatic--37152-7VUidoLYK7S2/[22m[32massets/Poppins-900-normal-latin-BmL1zqjw.woff2              [39m[1m[2m  7.63 kB[22m[1m[22m
[2m../../../AppData/Local/Temp/chromatic--37152-7VUidoLYK7S2/[22m[32massets/Poppins-500-normal-latin-C8OXljZJ.woff2              [39m[1m[2m  7.75 kB[22m[1m[22m
[2m../../../AppData/Local/Temp/chromatic--37152-7VUidoLYK7S2/[22m[32massets/Poppins-700-normal-latin-Qrb0O0WB.woff2              [39m[1m[2m  7.82 kB[22m[1m[22m
[2m../../../AppData/Local/Temp/chromatic--37152-7VUidoLYK7S2/[22m[32massets/Poppins-800-normal-latin-Bd8-pIP1.woff2              [39m[1m[2m  7.82 kB[22m[1m[22m
[2m../../../AppData/Local/Temp/chromatic--37152-7VUidoLYK7S2/[22m[32massets/Poppins-300-normal-latin-Dku2WoCh.woff2              [39m[1m[2m  7.84 kB[22m[1m[22m
[2m../../../AppData/Local/Temp/chromatic--37152-7VUidoLYK7S2/[22m[32massets/Poppins-400-normal-latin-cpxAROuN.woff2              [39m[1m[2m  7.88 kB[22m[1m[22m
[2m../../../AppData/Local/Temp/chromatic--37152-7VUidoLYK7S2/[22m[32massets/Poppins-200-normal-latin-B8tqA5oA.woff2              [39m[1m[2m  7.93 kB[22m[1m[22m
[2m../../../AppData/Local/Temp/chromatic--37152-7VUidoLYK7S2/[22m[32massets/Poppins-600-normal-latin-zEkxB9Mr.woff2              [39m[1m[2m  8.00 kB[22m[1m[22m
[2m../../../AppData/Local/Temp/chromatic--37152-7VUidoLYK7S2/[22m[32massets/OpenSans-700-normal-greek-DZLtG1eN.woff2             [39m[1m[2m  9.24 kB[22m[1m[22m
[2m../../../AppData/Local/Temp/chromatic--37152-7VUidoLYK7S2/[22m[32massets/OpenSans-800-normal-greek-DjgqXyUr.woff2             [39m[1m[2m  9.28 kB[22m[1m[22m
[2m../../../AppData/Local/Temp/chromatic--37152-7VUidoLYK7S2/[22m[32massets/OpenSans-300-normal-greek-CL9d4nPL.woff2             [39m[1m[2m  9.32 kB[22m[1m[22m
[2m../../../AppData/Local/Temp/chromatic--37152-7VUidoLYK7S2/[22m[32massets/OpenSans-400-normal-greek-BhbJw-ID.woff2             [39m[1m[2m  9.34 kB[22m[1m[22m
[2m../../../AppData/Local/Temp/chromatic--37152-7VUidoLYK7S2/[22m[32massets/OpenSans-500-normal-greek-BTtYNZfB.woff2             [39m[1m[2m  9.38 kB[22m[1m[22m
[2m../../../AppData/Local/Temp/chromatic--37152-7VUidoLYK7S2/[22m[32massets/OpenSans-600-normal-greek-aWf0ESIc.woff2             [39m[1m[2m  9.43 kB[22m[1m[22m
[2m../../../AppData/Local/Temp/chromatic--37152-7VUidoLYK7S2/[22m[32massets/OpenSans-700-normal-symbols-9UGYaiOr.woff2           [39m[1m[2m 10.05 kB[22m[1m[22m
[2m../../../AppData/Local/Temp/chromatic--37152-7VUidoLYK7S2/[22m[32massets/OpenSans-600-normal-symbols-DnSRzKTP.woff2           [39m[1m[2m 10.16 kB[22m[1m[22m
[2m../../../AppData/Local/Temp/chromatic--37152-7VUidoLYK7S2/[22m[32massets/OpenSans-400-normal-symbols-BczhyrVJ.woff2           [39m[1m[2m 10.18 kB[22m[1m[22m
[2m../../../AppData/Local/Temp/chromatic--37152-7VUidoLYK7S2/[22m[32massets/OpenSans-500-normal-symbols-DDl26VyW.woff2           [39m[1m[2m 10.23 kB[22m[1m[22m
[2m../../../AppData/Local/Temp/chromatic--37152-7VUidoLYK7S2/[22m[32massets/OpenSans-800-normal-symbols--BSMeoJD.woff2           [39m[1m[2m 10.24 kB[22m[1m[22m
[2m../../../AppData/Local/Temp/chromatic--37152-7VUidoLYK7S2/[22m[32massets/OpenSans-300-normal-symbols-BjyqUvt8.woff2           [39m[1m[2m 10.27 kB[22m[1m[22m
[2m../../../AppData/Local/Temp/chromatic--37152-7VUidoLYK7S2/[22m[32massets/OpenSans-700-normal-latin-ext-C-A0l_kt.woff2         [39m[1m[2m 15.01 kB[22m[1m[22m
[2m../../../AppData/Local/Temp/chromatic--37152-7VUidoLYK7S2/[22m[32massets/OpenSans-600-normal-latin-ext-CJrthZG8.woff2         [39m[1m[2m 15.19 kB[22m[1m[22m
[2m../../../AppData/Local/Temp/chromatic--37152-7VUidoLYK7S2/[22m[32massets/OpenSans-300-normal-latin-ext-CYDBAt1X.woff2         [39m[1m[2m 15.22 kB[22m[1m[22m
[2m../../../AppData/Local/Temp/chromatic--37152-7VUidoLYK7S2/[22m[32massets/OpenSans-800-normal-latin-ext-DTLCQ02T.woff2         [39m[1m[2m 15.24 kB[22m[1m[22m
[2m../../../AppData/Local/Temp/chromatic--37152-7VUidoLYK7S2/[22m[32massets/OpenSans-500-normal-latin-ext-BbcOd3D1.woff2         [39m[1m[2m 15.36 kB[22m[1m[22m
[2m../../../AppData/Local/Temp/chromatic--37152-7VUidoLYK7S2/[22m[32massets/OpenSans-400-normal-latin-ext-BXLcHD4a.woff2         [39m[1m[2m 15.37 kB[22m[1m[22m
[2m../../../AppData/Local/Temp/chromatic--37152-7VUidoLYK7S2/[22m[32miframe.html                                                 [39m[1m[2m 16.18 kB[22m[1m[22m
[2m../../../AppData/Local/Temp/chromatic--37152-7VUidoLYK7S2/[22m[32massets/OpenSans-700-normal-math-C_zQ2Upn.woff2              [39m[1m[2m 17.20 kB[22m[1m[22m
[2m../../../AppData/Local/Temp/chromatic--37152-7VUidoLYK7S2/[22m[32massets/OpenSans-600-normal-math-C3Lx5DGw.woff2              [39m[1m[2m 17.57 kB[22m[1m[22m
[2m../../../AppData/Local/Temp/chromatic--37152-7VUidoLYK7S2/[22m[32massets/OpenSans-800-normal-math-zplYX2f5.woff2              [39m[1m[2m 17.57 kB[22m[1m[22m
[2m../../../AppData/Local/Temp/chromatic--37152-7VUidoLYK7S2/[22m[32massets/OpenSans-400-normal-math-CoiAIOH6.woff2              [39m[1m[2m 17.58 kB[22m[1m[22m
[2m../../../AppData/Local/Temp/chromatic--37152-7VUidoLYK7S2/[22m[32massets/OpenSans-300-normal-math-CZhZtF0M.woff2              [39m[1m[2m 17.65 kB[22m[1m[22m
[2m../../../AppData/Local/Temp/chromatic--37152-7VUidoLYK7S2/[22m[32massets/OpenSans-500-normal-math-B6YdN3W9.woff2              [39m[1m[2m 17.66 kB[22m[1m[22m
[2m../../../AppData/Local/Temp/chromatic--37152-7VUidoLYK7S2/[22m[32massets/OpenSans-700-normal-latin-C2okHfb_.woff2             [39m[1m[2m 18.26 kB[22m[1m[22m
[2m../../../AppData/Local/Temp/chromatic--37152-7VUidoLYK7S2/[22m[32massets/OpenSans-600-normal-latin-Dhnuc7ye.woff2             [39m[1m[2m 18.60 kB[22m[1m[22m
[2m../../../AppData/Local/Temp/chromatic--37152-7VUidoLYK7S2/[22m[32massets/OpenSans-800-normal-latin-DrA6768Q.woff2             [39m[1m[2m 18.64 kB[22m[1m[22m
[2m../../../AppData/Local/Temp/chromatic--37152-7VUidoLYK7S2/[22m[32massets/OpenSans-400-normal-latin-Cjao0ETp.woff2             [39m[1m[2m 18.67 kB[22m[1m[22m
[2m../../../AppData/Local/Temp/chromatic--37152-7VUidoLYK7S2/[22m[32massets/OpenSans-300-normal-latin-tiTbiU1L.woff2             [39m[1m[2m 18.70 kB[22m[1m[22m
[2m../../../AppData/Local/Temp/chromatic--37152-7VUidoLYK7S2/[22m[32massets/OpenSans-500-normal-latin-CDvJACdq.woff2             [39m[1m[2m 18.72 kB[22m[1m[22m
[2m../../../AppData/Local/Temp/chromatic--37152-7VUidoLYK7S2/[22m[32massets/OpenSans-600-normal-rD4KwfRA.ttf                     [39m[1m[2m122.06 kB[22m[1m[22m
[2m../../../AppData/Local/Temp/chromatic--37152-7VUidoLYK7S2/[22m[32massets/OpenSans-300-normal-DKVtPHJp.ttf                     [39m[1m[2m122.10 kB[22m[1m[22m
[2m../../../AppData/Local/Temp/chromatic--37152-7VUidoLYK7S2/[22m[32massets/OpenSans-400-normal-B-b-cV5C.ttf                     [39m[1m[2m122.12 kB[22m[1m[22m
[2m../../../AppData/Local/Temp/chromatic--37152-7VUidoLYK7S2/[22m[32massets/OpenSans-700-normal-Dykk7Pkm.ttf                     [39m[1m[2m122.13 kB[22m[1m[22m
[2m../../../AppData/Local/Temp/chromatic--37152-7VUidoLYK7S2/[22m[32massets/OpenSans-500-normal-DDRq0PJn.ttf                     [39m[1m[2m122.26 kB[22m[1m[22m
[2m../../../AppData/Local/Temp/chromatic--37152-7VUidoLYK7S2/[22m[32massets/OpenSans-800-normal-I9ul573x.ttf                     [39m[1m[2m122.54 kB[22m[1m[22m
[2m../../../AppData/Local/Temp/chromatic--37152-7VUidoLYK7S2/[22m[32massets/Material_Icons-400-fallback-kAwBdRge.woff2           [39m[1m[2m128.35 kB[22m[1m[22m
[2m../../../AppData/Local/Temp/chromatic--37152-7VUidoLYK7S2/[22m[32massets/Poppins-900-normal-LRNqDCdi.ttf                      [39m[1m[2m147.71 kB[22m[1m[22m
[2m../../../AppData/Local/Temp/chromatic--37152-7VUidoLYK7S2/[22m[32massets/Poppins-800-normal-DyUBcaqp.ttf                      [39m[1m[2m149.07 kB[22m[1m[22m
[2m../../../AppData/Local/Temp/chromatic--37152-7VUidoLYK7S2/[22m[32massets/Poppins-700-normal-CNzhNbUJ.ttf                      [39m[1m[2m150.29 kB[22m[1m[22m
[2m../../../AppData/Local/Temp/chromatic--37152-7VUidoLYK7S2/[22m[32massets/Poppins-600-normal-Gz22PxOe.ttf                      [39m[1m[2m151.52 kB[22m[1m[22m
[2m../../../AppData/Local/Temp/chromatic--37152-7VUidoLYK7S2/[22m[32massets/Poppins-500-normal-BblA7dQf.ttf                      [39m[1m[2m152.86 kB[22m[1m[22m
[2m../../../AppData/Local/Temp/chromatic--37152-7VUidoLYK7S2/[22m[32massets/Poppins-400-normal-C1IsaolU.ttf                      [39m[1m[2m154.63 kB[22m[1m[22m
[2m../../../AppData/Local/Temp/chromatic--37152-7VUidoLYK7S2/[22m[32massets/Material_Icons_Outlined-400-fallback-DZhiGvEA.woff2  [39m[1m[2m155.28 kB[22m[1m[22m
[2m../../../AppData/Local/Temp/chromatic--37152-7VUidoLYK7S2/[22m[32massets/Poppins-300-normal-BgbzlW_d.ttf                      [39m[1m[2m156.19 kB[22m[1m[22m
[2m../../../AppData/Local/Temp/chromatic--37152-7VUidoLYK7S2/[22m[32massets/Poppins-200-normal-B63ZfaS3.ttf                      [39m[1m[2m157.72 kB[22m[1m[22m
[2m../../../AppData/Local/Temp/chromatic--37152-7VUidoLYK7S2/[22m[32massets/Poppins-100-normal-BsPnc9Ur.ttf                      [39m[1m[2m157.92 kB[22m[1m[22m
[2m../../../AppData/Local/Temp/chromatic--37152-7VUidoLYK7S2/[22m[32massets/Material_Symbols_Outlined-400-BIVMN7cN.woff2         [39m[1m[2m212.96 kB[22m[1m[22m
[2m../../../AppData/Local/Temp/chromatic--37152-7VUidoLYK7S2/[22m[32massets/Material_Symbols_Filled-400-BzJBdOoA.woff2           [39m[1m[2m261.79 kB[22m[1m[22m
[2m../../../AppData/Local/Temp/chromatic--37152-7VUidoLYK7S2/[22m[32massets/Material_Icons_Outlined-400-C9WY0n77.otf             [39m[1m[2m339.17 kB[22m[1m[22m
[2m../../../AppData/Local/Temp/chromatic--37152-7VUidoLYK7S2/[22m[32massets/Material_Icons-400-7oKWXygK.ttf                      [39m[1m[2m356.84 kB[22m[1m[22m
[2m../../../AppData/Local/Temp/chromatic--37152-7VUidoLYK7S2/[22m[32massets/Material_Symbols_Outlined-400-Ba-W8Myh.ttf           [39m[1m[2m649.47 kB[22m[1m[22m
[2m../../../AppData/Local/Temp/chromatic--37152-7VUidoLYK7S2/[22m[32massets/Material_Symbols_Filled-400-luBL4FFf.ttf             [39m[1m[2m969.75 kB[22m[1m[22m
[2m../../../AppData/Local/Temp/chromatic--37152-7VUidoLYK7S2/[22m[35massets/Header-BjLH3naM.css                                  [39m[1m[2m  0.51 kB[22m[1m[22m
[2m../../../AppData/Local/Temp/chromatic--37152-7VUidoLYK7S2/[22m[35massets/Button-BfyGbg8N.css                                  [39m[1m[2m  0.52 kB[22m[1m[22m
[2m../../../AppData/Local/Temp/chromatic--37152-7VUidoLYK7S2/[22m[35massets/Page-B9ntr4df.css                                    [39m[1m[2m  0.93 kB[22m[1m[22m
[2m../../../AppData/Local/Temp/chromatic--37152-7VUidoLYK7S2/[22m[35massets/preview-SNLPanA7.css                                 [39m[1m[2m 64.90 kB[22m[1m[22m
[2m../../../AppData/Local/Temp/chromatic--37152-7VUidoLYK7S2/[22m[36massets/preview-BvFxszpi.js                                  [39m[1m[2m  0.11 kB[22m[1m[22m
[2m../../../AppData/Local/Temp/chromatic--37152-7VUidoLYK7S2/[22m[36massets/preview-DYzi3Z2p.js                                  [39m[1m[2m  0.16 kB[22m[1m[22m
[2m../../../AppData/Local/Temp/chromatic--37152-7VUidoLYK7S2/[22m[36massets/preview-C0kdFb_x.js                                  [39m[1m[2m  0.16 kB[22m[1m[22m
[2m../../../AppData/Local/Temp/chromatic--37152-7VUidoLYK7S2/[22m[36massets/Button-BIrbReE_.js                                   [39m[1m[2m  0.37 kB[22m[1m[22m
[2m../../../AppData/Local/Temp/chromatic--37152-7VUidoLYK7S2/[22m[36massets/preview-caVMbCIR.js                                  [39m[1m[2m  0.69 kB[22m[1m[22m
[2m../../../AppData/Local/Temp/chromatic--37152-7VUidoLYK7S2/[22m[36massets/Header.stories-P1Xtwksa.js                           [39m[1m[2m  0.70 kB[22m[1m[22m
[2m../../../AppData/Local/Temp/chromatic--37152-7VUidoLYK7S2/[22m[36massets/index-DrFu-skq.js                                    [39m[1m[2m  0.77 kB[22m[1m[22m
[2m../../../AppData/Local/Temp/chromatic--37152-7VUidoLYK7S2/[22m[36massets/Header--Mtr8H18.js                                   [39m[1m[2m  1.16 kB[22m[1m[22m
[2m../../../AppData/Local/Temp/chromatic--37152-7VUidoLYK7S2/[22m[36massets/Button.stories-DS0fVNZe.js                           [39m[1m[2m  1.31 kB[22m[1m[22m
[2m../../../AppData/Local/Temp/chromatic--37152-7VUidoLYK7S2/[22m[36massets/entry-preview-rExAvgBr.js                            [39m[1m[2m  1.38 kB[22m[1m[22m
[2m../../../AppData/Local/Temp/chromatic--37152-7VUidoLYK7S2/[22m[36massets/Ul-Header.stories-nYg39a-i.js                        [39m[1m[2m  2.33 kB[22m[1m[22m
[2m../../../AppData/Local/Temp/chromatic--37152-7VUidoLYK7S2/[22m[36massets/preview-bAry8KZa.js                                  [39m[1m[2m  2.47 kB[22m[1m[22m
[2m../../../AppData/Local/Temp/chromatic--37152-7VUidoLYK7S2/[22m[36massets/preview-DHPc-V4N.js                                  [39m[1m[2m  3.40 kB[22m[1m[22m
[2m../../../AppData/Local/Temp/chromatic--37152-7VUidoLYK7S2/[22m[36massets/Page.stories-D2rGIB0_.js                             [39m[1m[2m  3.60 kB[22m[1m[22m
[2m../../../AppData/Local/Temp/chromatic--37152-7VUidoLYK7S2/[22m[36massets/iframe-DZzYzLQI.js                                   [39m[1m[2m  4.22 kB[22m[1m[22m
[2m../../../AppData/Local/Temp/chromatic--37152-7VUidoLYK7S2/[22m[36massets/preview-ncvtW_hb.js                                  [39m[1m[2m  4.84 kB[22m[1m[22m
[2m../../../AppData/Local/Temp/chromatic--37152-7VUidoLYK7S2/[22m[36massets/preview-BWzBA1C2.js                                  [39m[1m[2m  7.62 kB[22m[1m[22m
[2m../../../AppData/Local/Temp/chromatic--37152-7VUidoLYK7S2/[22m[36massets/preview-CuLlOZat.js                                  [39m[1m[2m  8.08 kB[22m[1m[22m
[2m../../../AppData/Local/Temp/chromatic--37152-7VUidoLYK7S2/[22m[36massets/index-BEnNqKD4.js                                    [39m[1m[33m542.67 kB[39m[22m
[32m✓ built in 1.73s[39m
info => Preview built (2.07 s)
info => preview stats written to C:\Users\18781\AppData\Local\Temp\chromatic--37152-7VUidoLYK7S2\preview-stats.json
info => Output directory: C:\Users\18781\AppData\Local\Temp\chromatic--37152-7VUidoLYK7S2
